<?xml version="1.0" encoding="UTF-8"?>
<testng-results skipped="0" failed="0" ignored="0" total="1" passed="1">
  <reporter-output>
  </reporter-output>
  <suite name="Surefire suite" duration-ms="37" started-at="2021-12-16T14:18:20Z" finished-at="2021-12-16T14:18:20Z">
    <groups>
    </groups>
    <test name="Surefire test" duration-ms="37" started-at="2021-12-16T14:18:20Z" finished-at="2021-12-16T14:18:20Z">
      <class name="au.com.carguide.AppTest">
        <test-method status="PASS" signature="shouldAnswerWithTrue()" name="shouldAnswerWithTrue" duration-ms="6" started-at="2021-12-16T14:18:20Z" finished-at="2021-12-16T14:18:20Z">
          <reporter-output>
          </reporter-output>
        </test-method> <!-- shouldAnswerWithTrue -->
      </class> <!-- au.com.carguide.AppTest -->
    </test> <!-- Surefire test -->
  </suite> <!-- Surefire suite -->
</testng-results>
